TN:
SF:src\modules\appointments\services\CreateAppointmentService.ts
FN:78,__decorate
FN:78,__metadata
FN:78,__param
FN:78,__awaiter
FN:78,adopt
FN:78,fulfilled
FN:78,rejected
FN:78,step
FN:78,__generator
FN:78,sent
FN:78,g.<computed>
FN:78,verb
FN:78,step
FN:78,__importDefault
FN:18,CreateAppointmentService
FN:29,CreateAppointmentService.execute
FNF:16
FNH:14
FNDA:1,__decorate
FNDA:1,__metadata
FNDA:3,__param
FNDA:7,__awaiter
FNDA:9,adopt
FNDA:9,fulfilled
FNDA:0,rejected
FNDA:11,step
FNDA:7,__generator
FNDA:9,sent
FNDA:0,g.<computed>
FNDA:21,verb
FNDA:16,step
FNDA:1,__importDefault
FNDA:5,CreateAppointmentService
FNDA:7,CreateAppointmentService.execute
DA:1,1
DA:2,1
DA:3,1
DA:4,1
DA:5,1
DA:6,1
DA:7,1
DA:8,1
DA:9,1
DA:10,1
DA:11,1
DA:12,1
DA:13,1
DA:14,1
DA:15,1
DA:16,1
DA:17,1
DA:18,1
DA:19,5
DA:20,5
DA:21,5
DA:22,5
DA:23,5
DA:24,5
DA:25,5
DA:26,5
DA:27,5
DA:28,1
DA:29,1
DA:30,7
DA:31,7
DA:32,7
DA:33,7
DA:34,7
DA:35,7
DA:36,2
DA:37,2
DA:38,7
DA:39,1
DA:40,1
DA:41,1
DA:42,1
DA:43,7
DA:44,1
DA:45,1
DA:46,3
DA:47,3
DA:48,3
DA:49,7
DA:50,7
DA:51,1
DA:52,1
DA:53,2
DA:54,2
DA:55,2
DA:56,2
DA:57,2
DA:58,2
DA:59,7
DA:60,7
DA:61,7
DA:62,7
DA:63,7
DA:64,7
DA:65,7
DA:66,7
DA:67,7
DA:68,7
DA:69,7
DA:70,7
DA:71,7
DA:72,7
DA:73,7
DA:74,7
DA:75,7
DA:76,1
DA:77,1
DA:78,1
LF:78
LH:78
BRDA:78,0,0,1
BRDA:78,1,0,1
BRDA:78,2,0,0
BRDA:78,3,0,0
BRDA:78,4,0,0
BRDA:78,5,0,0
BRDA:78,6,0,1
BRDA:78,7,0,3
BRDA:78,8,0,3
BRDA:78,9,0,7
BRDA:78,10,0,9
BRDA:78,11,0,0
BRDA:78,12,0,7
BRDA:78,13,0,9
BRDA:78,14,0,8
BRDA:78,15,0,1
BRDA:78,16,0,11
BRDA:78,17,0,2
BRDA:78,18,0,9
BRDA:78,19,0,7
BRDA:78,20,0,9
BRDA:78,21,0,0
BRDA:78,22,0,21
BRDA:78,23,0,16
BRDA:78,24,0,16
BRDA:78,25,0,0
BRDA:78,26,0,32
BRDA:78,27,0,0
BRDA:78,28,0,0
BRDA:78,29,0,0
BRDA:78,30,0,0
BRDA:78,31,0,16
BRDA:78,32,0,16
BRDA:78,33,0,9
BRDA:78,34,0,0
BRDA:78,35,0,0
BRDA:78,36,0,7
BRDA:78,37,0,0
BRDA:78,38,0,2
BRDA:78,39,0,0
BRDA:78,40,0,0
BRDA:78,41,0,0
BRDA:78,42,0,0
BRDA:78,43,0,16
BRDA:78,44,0,11
BRDA:78,45,0,5
BRDA:78,46,0,16
BRDA:78,47,0,7
BRDA:78,48,0,5
BRDA:78,49,0,2
BRDA:78,50,0,0
BRDA:78,51,0,1
BRDA:78,52,0,0
BRDA:17,53,0,1
BRDA:18,54,0,5
BRDA:29,55,0,7
BRDA:78,56,0,7
BRDA:78,57,0,16
BRDA:78,58,0,7
BRDA:35,59,0,2
BRDA:37,60,0,5
BRDA:38,61,0,4
BRDA:38,62,0,1
BRDA:42,63,0,4
BRDA:43,64,0,1
BRDA:45,65,0,3
BRDA:78,66,0,3
BRDA:50,67,0,1
BRDA:52,68,0,2
BRDA:78,69,0,2
BRDA:78,70,0,2
BRDA:78,71,0,2
BRF:72
BRH:52
end_of_record
TN:
SF:src\modules\appointments\services\ListDayAvailability.ts
FN:62,__decorate
FN:62,__metadata
FN:62,__param
FN:62,__awaiter
FN:62,adopt
FN:62,fulfilled
FN:62,rejected
FN:62,step
FN:62,__generator
FN:62,sent
FN:62,g.<computed>
FN:62,verb
FN:62,step
FN:21,ListMonthAvailabilityService
FN:28,ListMonthAvailabilityService.execute
FNF:15
FNH:13
FNDA:1,__decorate
FNDA:1,__metadata
FNDA:1,__param
FNDA:1,__awaiter
FNDA:1,adopt
FNDA:1,fulfilled
FNDA:0,rejected
FNDA:2,step
FNDA:1,__generator
FNDA:1,sent
FNDA:0,g.<computed>
FNDA:3,verb
FNDA:2,step
FNDA:1,ListMonthAvailabilityService
FNDA:1,ListMonthAvailabilityService.execute
DA:1,1
DA:2,1
DA:3,1
DA:4,1
DA:5,1
DA:6,1
DA:7,1
DA:8,1
DA:9,1
DA:10,1
DA:11,1
DA:12,1
DA:13,1
DA:14,1
DA:15,1
DA:16,1
DA:17,1
DA:18,1
DA:19,1
DA:20,1
DA:21,1
DA:22,1
DA:23,1
DA:24,1
DA:25,1
DA:26,1
DA:27,1
DA:28,1
DA:29,1
DA:30,1
DA:31,1
DA:32,1
DA:33,1
DA:34,1
DA:35,1
DA:36,1
DA:37,1
DA:38,1
DA:39,1
DA:40,1
DA:41,1
DA:42,1
DA:43,1
DA:44,1
DA:45,1
DA:46,1
DA:47,1
DA:48,10
DA:49,10
DA:50,10
DA:51,10
DA:52,10
DA:53,10
DA:54,10
DA:55,10
DA:56,1
DA:57,1
DA:58,1
DA:59,1
DA:60,1
DA:61,1
DA:62,1
LF:62
LH:62
BRDA:62,0,0,1
BRDA:62,1,0,1
BRDA:62,2,0,0
BRDA:62,3,0,0
BRDA:62,4,0,0
BRDA:62,5,0,0
BRDA:62,6,0,1
BRDA:62,7,0,1
BRDA:62,8,0,1
BRDA:62,9,0,1
BRDA:62,10,0,1
BRDA:62,11,0,0
BRDA:62,12,0,1
BRDA:62,13,0,1
BRDA:62,14,0,0
BRDA:62,15,0,2
BRDA:62,16,0,1
BRDA:62,17,0,1
BRDA:62,18,0,1
BRDA:62,19,0,1
BRDA:62,20,0,0
BRDA:62,21,0,3
BRDA:62,22,0,2
BRDA:62,23,0,2
BRDA:62,24,0,0
BRDA:62,25,0,4
BRDA:62,26,0,0
BRDA:62,27,0,0
BRDA:62,28,0,0
BRDA:62,29,0,0
BRDA:62,30,0,2
BRDA:62,31,0,2
BRDA:62,32,0,1
BRDA:62,33,0,0
BRDA:62,34,0,0
BRDA:62,35,0,1
BRDA:62,36,0,0
BRDA:62,37,0,0
BRDA:62,38,0,0
BRDA:62,39,0,0
BRDA:62,40,0,0
BRDA:62,41,0,2
BRDA:62,42,0,0
BRDA:62,43,0,2
BRDA:62,44,0,1
BRDA:62,45,0,0
BRDA:62,46,0,1
BRDA:62,47,0,0
BRDA:20,48,0,1
BRDA:21,49,0,1
BRDA:28,50,0,1
BRDA:62,51,0,1
BRDA:62,52,0,2
BRDA:34,53,0,1
BRDA:62,54,0,1
BRDA:43,55,0,10
BRDA:47,56,0,10
BRDA:54,57,0,8
BRDA:49,58,0,19
BRF:59
BRH:37
end_of_record
TN:
SF:src\modules\appointments\services\ListMonthAvailability.ts
FN:58,__decorate
FN:58,__metadata
FN:58,__param
FN:58,__awaiter
FN:58,adopt
FN:58,fulfilled
FN:58,rejected
FN:58,step
FN:58,__generator
FN:58,sent
FN:58,g.<computed>
FN:58,verb
FN:58,step
FN:20,ListMonthAvailabilityService
FN:27,ListMonthAvailabilityService.execute
FNF:15
FNH:13
FNDA:1,__decorate
FNDA:1,__metadata
FNDA:1,__param
FNDA:1,__awaiter
FNDA:1,adopt
FNDA:1,fulfilled
FNDA:0,rejected
FNDA:2,step
FNDA:1,__generator
FNDA:1,sent
FNDA:0,g.<computed>
FNDA:3,verb
FNDA:2,step
FNDA:1,ListMonthAvailabilityService
FNDA:1,ListMonthAvailabilityService.execute
DA:1,1
DA:2,1
DA:3,1
DA:4,1
DA:5,1
DA:6,1
DA:7,1
DA:8,1
DA:9,1
DA:10,1
DA:11,1
DA:12,1
DA:13,1
DA:14,1
DA:15,1
DA:16,1
DA:17,1
DA:18,1
DA:19,1
DA:20,1
DA:21,1
DA:22,1
DA:23,1
DA:24,1
DA:25,1
DA:26,1
DA:27,1
DA:28,1
DA:29,1
DA:30,1
DA:31,1
DA:32,1
DA:33,1
DA:34,1
DA:35,1
DA:36,1
DA:37,1
DA:38,1
DA:39,1
DA:40,1
DA:41,1
DA:42,1
DA:43,1
DA:44,1
DA:45,31
DA:46,31
DA:47,31
DA:48,31
DA:49,31
DA:50,31
DA:51,31
DA:52,1
DA:53,1
DA:54,1
DA:55,1
DA:56,1
DA:57,1
DA:58,1
LF:58
LH:58
BRDA:58,0,0,1
BRDA:58,1,0,1
BRDA:58,2,0,0
BRDA:58,3,0,0
BRDA:58,4,0,0
BRDA:58,5,0,0
BRDA:58,6,0,1
BRDA:58,7,0,1
BRDA:58,8,0,1
BRDA:58,9,0,1
BRDA:58,10,0,1
BRDA:58,11,0,0
BRDA:58,12,0,1
BRDA:58,13,0,1
BRDA:58,14,0,0
BRDA:58,15,0,2
BRDA:58,16,0,1
BRDA:58,17,0,1
BRDA:58,18,0,1
BRDA:58,19,0,1
BRDA:58,20,0,0
BRDA:58,21,0,3
BRDA:58,22,0,2
BRDA:58,23,0,2
BRDA:58,24,0,0
BRDA:58,25,0,4
BRDA:58,26,0,0
BRDA:58,27,0,0
BRDA:58,28,0,0
BRDA:58,29,0,0
BRDA:58,30,0,2
BRDA:58,31,0,2
BRDA:58,32,0,1
BRDA:58,33,0,0
BRDA:58,34,0,0
BRDA:58,35,0,1
BRDA:58,36,0,0
BRDA:58,37,0,0
BRDA:58,38,0,0
BRDA:58,39,0,0
BRDA:58,40,0,0
BRDA:58,41,0,2
BRDA:58,42,0,0
BRDA:58,43,0,2
BRDA:58,44,0,1
BRDA:58,45,0,0
BRDA:58,46,0,1
BRDA:58,47,0,0
BRDA:19,48,0,1
BRDA:20,49,0,1
BRDA:27,50,0,1
BRDA:58,51,0,1
BRDA:58,52,0,2
BRDA:32,53,0,1
BRDA:58,54,0,1
BRDA:41,55,0,31
BRDA:44,56,0,31
BRDA:46,57,0,341
BRF:58
BRH:36
end_of_record
TN:
SF:src\modules\appointments\services\ListProvidersAppointments.ts
FN:51,__decorate
FN:51,__metadata
FN:51,__param
FN:51,__awaiter
FN:51,adopt
FN:51,fulfilled
FN:51,rejected
FN:51,step
FN:51,__generator
FN:51,sent
FN:51,g.<computed>
FN:51,verb
FN:51,step
FN:15,ListProviderAppointmentsService
FN:22,ListProviderAppointmentsService.execute
FNF:15
FNH:13
FNDA:1,__decorate
FNDA:1,__metadata
FNDA:2,__param
FNDA:1,__awaiter
FNDA:3,adopt
FNDA:3,fulfilled
FNDA:0,rejected
FNDA:4,step
FNDA:1,__generator
FNDA:3,sent
FNDA:0,g.<computed>
FNDA:3,verb
FNDA:4,step
FNDA:1,ListProviderAppointmentsService
FNDA:1,ListProviderAppointmentsService.execute
DA:1,1
DA:2,1
DA:3,1
DA:4,1
DA:5,1
DA:6,1
DA:7,1
DA:8,1
DA:9,1
DA:10,1
DA:11,1
DA:12,1
DA:13,1
DA:14,1
DA:15,1
DA:16,1
DA:17,1
DA:18,1
DA:19,1
DA:20,1
DA:21,1
DA:22,1
DA:23,1
DA:24,1
DA:25,1
DA:26,1
DA:27,1
DA:28,1
DA:29,1
DA:30,1
DA:31,1
DA:32,1
DA:33,1
DA:34,1
DA:35,1
DA:36,1
DA:37,1
DA:38,1
DA:39,1
DA:40,1
DA:41,1
DA:42,1
DA:43,1
DA:44,1
DA:45,1
DA:46,1
DA:47,1
DA:48,1
DA:49,1
DA:50,1
DA:51,1
LF:51
LH:51
BRDA:51,0,0,1
BRDA:51,1,0,1
BRDA:51,2,0,0
BRDA:51,3,0,0
BRDA:51,4,0,0
BRDA:51,5,0,0
BRDA:51,6,0,1
BRDA:51,7,0,2
BRDA:51,8,0,2
BRDA:51,9,0,1
BRDA:51,10,0,3
BRDA:51,11,0,0
BRDA:51,12,0,1
BRDA:51,13,0,3
BRDA:51,14,0,0
BRDA:51,15,0,4
BRDA:51,16,0,1
BRDA:51,17,0,3
BRDA:51,18,0,1
BRDA:51,19,0,3
BRDA:51,20,0,0
BRDA:51,21,0,3
BRDA:51,22,0,4
BRDA:51,23,0,4
BRDA:51,24,0,0
BRDA:51,25,0,8
BRDA:51,26,0,0
BRDA:51,27,0,0
BRDA:51,28,0,0
BRDA:51,29,0,0
BRDA:51,30,0,4
BRDA:51,31,0,4
BRDA:51,32,0,3
BRDA:51,33,0,0
BRDA:51,34,0,0
BRDA:51,35,0,1
BRDA:51,36,0,0
BRDA:51,37,0,0
BRDA:51,38,0,0
BRDA:51,39,0,0
BRDA:51,40,0,0
BRDA:51,41,0,4
BRDA:51,42,0,0
BRDA:51,43,0,4
BRDA:51,44,0,1
BRDA:51,45,0,0
BRDA:51,46,0,1
BRDA:51,47,0,0
BRDA:14,48,0,1
BRDA:15,49,0,1
BRDA:22,50,0,1
BRDA:51,51,0,1
BRDA:51,52,0,4
BRDA:28,53,0,1
BRDA:51,54,0,1
BRDA:32,55,0,0
BRDA:51,56,0,1
BRDA:51,57,0,1
BRDA:47,58,0,1
BRF:59
BRH:36
end_of_record
TN:
SF:src\modules\appointments\services\ListProvidersService.ts
FN:36,__decorate
FN:36,__metadata
FN:36,__param
FN:36,__awaiter
FN:36,adopt
FN:36,fulfilled
FN:36,rejected
FN:36,step
FN:36,__generator
FN:36,sent
FN:36,g.<computed>
FN:36,verb
FN:36,step
FN:13,ListProvidersService
FN:20,ListProvidersService.execute
FNF:15
FNH:13
FNDA:1,__decorate
FNDA:1,__metadata
FNDA:2,__param
FNDA:1,__awaiter
FNDA:3,adopt
FNDA:3,fulfilled
FNDA:0,rejected
FNDA:4,step
FNDA:1,__generator
FNDA:3,sent
FNDA:0,g.<computed>
FNDA:3,verb
FNDA:4,step
FNDA:1,ListProvidersService
FNDA:1,ListProvidersService.execute
DA:1,1
DA:2,1
DA:3,1
DA:4,1
DA:5,1
DA:6,1
DA:7,1
DA:8,1
DA:9,1
DA:10,1
DA:11,1
DA:12,1
DA:13,1
DA:14,1
DA:15,1
DA:16,1
DA:17,1
DA:18,1
DA:19,1
DA:20,1
DA:21,1
DA:22,1
DA:23,1
DA:24,1
DA:25,1
DA:26,1
DA:27,1
DA:28,1
DA:29,1
DA:30,1
DA:31,1
DA:32,1
DA:33,1
DA:34,1
DA:35,1
DA:36,1
LF:36
LH:36
BRDA:36,0,0,1
BRDA:36,1,0,1
BRDA:36,2,0,0
BRDA:36,3,0,0
BRDA:36,4,0,0
BRDA:36,5,0,0
BRDA:36,6,0,1
BRDA:36,7,0,2
BRDA:36,8,0,2
BRDA:36,9,0,1
BRDA:36,10,0,3
BRDA:36,11,0,0
BRDA:36,12,0,1
BRDA:36,13,0,3
BRDA:36,14,0,0
BRDA:36,15,0,4
BRDA:36,16,0,1
BRDA:36,17,0,3
BRDA:36,18,0,1
BRDA:36,19,0,3
BRDA:36,20,0,0
BRDA:36,21,0,3
BRDA:36,22,0,4
BRDA:36,23,0,4
BRDA:36,24,0,0
BRDA:36,25,0,8
BRDA:36,26,0,0
BRDA:36,27,0,0
BRDA:36,28,0,0
BRDA:36,29,0,0
BRDA:36,30,0,4
BRDA:36,31,0,4
BRDA:36,32,0,3
BRDA:36,33,0,0
BRDA:36,34,0,0
BRDA:36,35,0,1
BRDA:36,36,0,0
BRDA:36,37,0,0
BRDA:36,38,0,0
BRDA:36,39,0,0
BRDA:36,40,0,0
BRDA:36,41,0,4
BRDA:36,42,0,0
BRDA:36,43,0,4
BRDA:36,44,0,1
BRDA:36,45,0,0
BRDA:36,46,0,1
BRDA:36,47,0,0
BRDA:12,48,0,1
BRDA:13,49,0,1
BRDA:20,50,0,1
BRDA:36,51,0,1
BRDA:36,52,0,4
BRDA:21,53,0,1
BRDA:36,54,0,1
BRDA:25,55,0,0
BRDA:36,56,0,1
BRDA:36,57,0,1
BRDA:32,58,0,1
BRF:59
BRH:36
end_of_record
TN:
SF:src\modules\users\services\AuthenticateUserService.ts
FN:56,__decorate
FN:56,__metadata
FN:56,__param
FN:56,__awaiter
FN:56,adopt
FN:56,fulfilled
FN:56,rejected
FN:56,step
FN:56,__generator
FN:56,sent
FN:56,g.<computed>
FN:56,verb
FN:56,step
FN:56,__importDefault
FN:21,AuthenticateUserService
FN:28,AuthenticateUserService.execute
FNF:16
FNH:14
FNDA:1,__decorate
FNDA:1,__metadata
FNDA:2,__param
FNDA:3,__awaiter
FNDA:5,adopt
FNDA:5,fulfilled
FNDA:0,rejected
FNDA:6,step
FNDA:3,__generator
FNDA:5,sent
FNDA:0,g.<computed>
FNDA:9,verb
FNDA:8,step
FNDA:2,__importDefault
FNDA:3,AuthenticateUserService
FNDA:3,AuthenticateUserService.execute
DA:1,1
DA:2,1
DA:3,1
DA:4,1
DA:5,1
DA:6,1
DA:7,1
DA:8,1
DA:9,1
DA:10,1
DA:11,1
DA:12,1
DA:13,1
DA:14,1
DA:15,1
DA:16,1
DA:17,1
DA:18,1
DA:19,1
DA:20,1
DA:21,1
DA:22,3
DA:23,3
DA:24,3
DA:25,3
DA:26,3
DA:27,1
DA:28,1
DA:29,3
DA:30,3
DA:31,3
DA:32,1
DA:33,1
DA:34,2
DA:35,2
DA:36,2
DA:37,2
DA:38,2
DA:39,3
DA:40,3
DA:41,1
DA:42,1
DA:43,1
DA:44,1
DA:45,1
DA:46,1
DA:47,1
DA:48,1
DA:49,1
DA:50,1
DA:51,1
DA:52,1
DA:53,3
DA:54,1
DA:55,1
DA:56,1
LF:56
LH:56
BRDA:56,0,0,1
BRDA:56,1,0,1
BRDA:56,2,0,0
BRDA:56,3,0,0
BRDA:56,4,0,0
BRDA:56,5,0,0
BRDA:56,6,0,1
BRDA:56,7,0,2
BRDA:56,8,0,2
BRDA:56,9,0,3
BRDA:56,10,0,5
BRDA:56,11,0,0
BRDA:56,12,0,3
BRDA:56,13,0,5
BRDA:56,14,0,3
BRDA:56,15,0,2
BRDA:56,16,0,6
BRDA:56,17,0,1
BRDA:56,18,0,5
BRDA:56,19,0,3
BRDA:56,20,0,5
BRDA:56,21,0,0
BRDA:56,22,0,9
BRDA:56,23,0,8
BRDA:56,24,0,8
BRDA:56,25,0,0
BRDA:56,26,0,16
BRDA:56,27,0,0
BRDA:56,28,0,0
BRDA:56,29,0,0
BRDA:56,30,0,0
BRDA:56,31,0,8
BRDA:56,32,0,8
BRDA:56,33,0,5
BRDA:56,34,0,0
BRDA:56,35,0,0
BRDA:56,36,0,3
BRDA:56,37,0,0
BRDA:56,38,0,1
BRDA:56,39,0,0
BRDA:56,40,0,0
BRDA:56,41,0,0
BRDA:56,42,0,0
BRDA:56,43,0,8
BRDA:56,44,0,6
BRDA:56,45,0,2
BRDA:56,46,0,8
BRDA:56,47,0,3
BRDA:56,48,0,2
BRDA:56,49,0,1
BRDA:56,50,0,0
BRDA:56,51,0,2
BRDA:56,52,0,0
BRDA:20,53,0,1
BRDA:21,54,0,3
BRDA:28,55,0,3
BRDA:56,56,0,3
BRDA:56,57,0,8
BRDA:29,58,0,3
BRDA:56,59,0,3
BRDA:31,60,0,1
BRDA:33,61,0,2
BRDA:56,62,0,2
BRDA:40,63,0,1
BRF:64
BRH:44
end_of_record
TN:
SF:src\modules\users\services\CreateUserService.ts
FN:48,__decorate
FN:48,__metadata
FN:48,__param
FN:48,__awaiter
FN:48,adopt
FN:48,fulfilled
FN:48,rejected
FN:48,step
FN:48,__generator
FN:48,sent
FN:48,g.<computed>
FN:48,verb
FN:48,step
FN:48,__importDefault
FN:18,CreateUserService
FN:27,CreateUserService.execute
FNF:16
FNH:14
FNDA:1,__decorate
FNDA:1,__metadata
FNDA:3,__param
FNDA:3,__awaiter
FNDA:9,adopt
FNDA:9,fulfilled
FNDA:0,rejected
FNDA:11,step
FNDA:3,__generator
FNDA:9,sent
FNDA:0,g.<computed>
FNDA:9,verb
FNDA:12,step
FNDA:1,__importDefault
FNDA:2,CreateUserService
FNDA:3,CreateUserService.execute
DA:1,1
DA:2,1
DA:3,1
DA:4,1
DA:5,1
DA:6,1
DA:7,1
DA:8,1
DA:9,1
DA:10,1
DA:11,1
DA:12,1
DA:13,1
DA:14,1
DA:15,1
DA:16,1
DA:17,1
DA:18,1
DA:19,2
DA:20,2
DA:21,2
DA:22,2
DA:23,2
DA:24,2
DA:25,2
DA:26,1
DA:27,1
DA:28,3
DA:29,3
DA:30,3
DA:31,1
DA:32,1
DA:33,2
DA:34,2
DA:35,3
DA:36,3
DA:37,3
DA:38,3
DA:39,3
DA:40,3
DA:41,3
DA:42,3
DA:43,3
DA:44,3
DA:45,3
DA:46,1
DA:47,1
DA:48,1
LF:48
LH:48
BRDA:48,0,0,1
BRDA:48,1,0,1
BRDA:48,2,0,0
BRDA:48,3,0,0
BRDA:48,4,0,0
BRDA:48,5,0,0
BRDA:48,6,0,1
BRDA:48,7,0,3
BRDA:48,8,0,3
BRDA:48,9,0,3
BRDA:48,10,0,9
BRDA:48,11,0,0
BRDA:48,12,0,3
BRDA:48,13,0,9
BRDA:48,14,0,8
BRDA:48,15,0,1
BRDA:48,16,0,11
BRDA:48,17,0,2
BRDA:48,18,0,9
BRDA:48,19,0,3
BRDA:48,20,0,9
BRDA:48,21,0,0
BRDA:48,22,0,9
BRDA:48,23,0,12
BRDA:48,24,0,12
BRDA:48,25,0,0
BRDA:48,26,0,24
BRDA:48,27,0,0
BRDA:48,28,0,0
BRDA:48,29,0,0
BRDA:48,30,0,0
BRDA:48,31,0,12
BRDA:48,32,0,12
BRDA:48,33,0,9
BRDA:48,34,0,0
BRDA:48,35,0,0
BRDA:48,36,0,3
BRDA:48,37,0,0
BRDA:48,38,0,2
BRDA:48,39,0,0
BRDA:48,40,0,0
BRDA:48,41,0,0
BRDA:48,42,0,0
BRDA:48,43,0,12
BRDA:48,44,0,11
BRDA:48,45,0,1
BRDA:48,46,0,12
BRDA:48,47,0,3
BRDA:48,48,0,1
BRDA:48,49,0,2
BRDA:48,50,0,0
BRDA:48,51,0,1
BRDA:48,52,0,0
BRDA:17,53,0,1
BRDA:18,54,0,2
BRDA:27,55,0,3
BRDA:48,56,0,3
BRDA:48,57,0,12
BRDA:28,58,0,3
BRDA:48,59,0,3
BRDA:30,60,0,1
BRDA:32,61,0,2
BRDA:48,62,0,2
BRDA:48,63,0,2
BRDA:48,64,0,2
BRF:65
BRH:45
end_of_record
TN:
SF:src\modules\users\services\ResetPasswordService.ts
FN:56,__decorate
FN:56,__metadata
FN:56,__param
FN:56,__awaiter
FN:56,adopt
FN:56,fulfilled
FN:56,rejected
FN:56,step
FN:56,__generator
FN:56,sent
FN:56,g.<computed>
FN:56,verb
FN:56,step
FN:56,__importDefault
FN:18,ResetPasswordService
FN:29,ResetPasswordService.execute
FNF:16
FNH:14
FNDA:1,__decorate
FNDA:1,__metadata
FNDA:3,__param
FNDA:4,__awaiter
FNDA:9,adopt
FNDA:9,fulfilled
FNDA:0,rejected
FNDA:10,step
FNDA:4,__generator
FNDA:9,sent
FNDA:0,g.<computed>
FNDA:12,verb
FNDA:13,step
FNDA:1,__importDefault
FNDA:4,ResetPasswordService
FNDA:4,ResetPasswordService.execute
DA:1,1
DA:2,1
DA:3,1
DA:4,1
DA:5,1
DA:6,1
DA:7,1
DA:8,1
DA:9,1
DA:10,1
DA:11,1
DA:12,1
DA:13,1
DA:14,1
DA:15,1
DA:16,1
DA:17,1
DA:18,1
DA:19,4
DA:20,4
DA:21,4
DA:22,4
DA:23,4
DA:24,4
DA:25,4
DA:26,4
DA:27,4
DA:28,1
DA:29,1
DA:30,4
DA:31,4
DA:32,1
DA:33,1
DA:34,3
DA:35,4
DA:36,4
DA:37,1
DA:38,1
DA:39,2
DA:40,2
DA:41,2
DA:42,2
DA:43,2
DA:44,4
DA:45,1
DA:46,1
DA:47,1
DA:48,1
DA:49,4
DA:50,4
DA:51,4
DA:52,4
DA:53,4
DA:54,1
DA:55,1
DA:56,1
LF:56
LH:56
BRDA:56,0,0,1
BRDA:56,1,0,1
BRDA:56,2,0,0
BRDA:56,3,0,0
BRDA:56,4,0,0
BRDA:56,5,0,0
BRDA:56,6,0,1
BRDA:56,7,0,3
BRDA:56,8,0,3
BRDA:56,9,0,4
BRDA:56,10,0,9
BRDA:56,11,0,0
BRDA:56,12,0,4
BRDA:56,13,0,9
BRDA:56,14,0,6
BRDA:56,15,0,3
BRDA:56,16,0,10
BRDA:56,17,0,1
BRDA:56,18,0,9
BRDA:56,19,0,4
BRDA:56,20,0,9
BRDA:56,21,0,0
BRDA:56,22,0,12
BRDA:56,23,0,13
BRDA:56,24,0,13
BRDA:56,25,0,0
BRDA:56,26,0,26
BRDA:56,27,0,0
BRDA:56,28,0,0
BRDA:56,29,0,0
BRDA:56,30,0,0
BRDA:56,31,0,13
BRDA:56,32,0,13
BRDA:56,33,0,9
BRDA:56,34,0,0
BRDA:56,35,0,0
BRDA:56,36,0,4
BRDA:56,37,0,0
BRDA:56,38,0,1
BRDA:56,39,0,0
BRDA:56,40,0,0
BRDA:56,41,0,0
BRDA:56,42,0,0
BRDA:56,43,0,13
BRDA:56,44,0,10
BRDA:56,45,0,3
BRDA:56,46,0,13
BRDA:56,47,0,4
BRDA:56,48,0,3
BRDA:56,49,0,1
BRDA:56,50,0,0
BRDA:56,51,0,1
BRDA:56,52,0,0
BRDA:17,53,0,1
BRDA:18,54,0,4
BRDA:29,55,0,4
BRDA:56,56,0,4
BRDA:56,57,0,13
BRDA:30,58,0,4
BRDA:56,59,0,4
BRDA:31,60,0,1
BRDA:33,61,0,3
BRDA:56,62,0,3
BRDA:36,63,0,1
BRDA:38,64,0,2
BRDA:44,65,0,1
BRDA:56,66,0,1
BRDA:56,67,0,1
BRF:68
BRH:48
end_of_record
TN:
SF:src\modules\users\services\SendForgotPasswordEmailService.ts
FN:57,__decorate
FN:57,__metadata
FN:57,__param
FN:57,__awaiter
FN:57,adopt
FN:57,fulfilled
FN:57,rejected
FN:57,step
FN:57,__generator
FN:57,sent
FN:57,g.<computed>
FN:57,verb
FN:57,step
FN:57,__importDefault
FN:14,SendForgotPasswordEmailService
FN:25,SendForgotPasswordEmailService.execute
FNF:16
FNH:14
FNDA:1,__decorate
FNDA:1,__metadata
FNDA:3,__param
FNDA:3,__awaiter
FNDA:5,adopt
FNDA:5,fulfilled
FNDA:0,rejected
FNDA:6,step
FNDA:3,__generator
FNDA:5,sent
FNDA:0,g.<computed>
FNDA:9,verb
FNDA:8,step
FNDA:2,__importDefault
FNDA:3,SendForgotPasswordEmailService
FNDA:3,SendForgotPasswordEmailService.execute
DA:1,1
DA:2,1
DA:3,1
DA:4,1
DA:5,1
DA:6,1
DA:7,1
DA:8,1
DA:9,1
DA:10,1
DA:11,1
DA:12,1
DA:13,1
DA:14,1
DA:15,3
DA:16,3
DA:17,3
DA:18,3
DA:19,3
DA:20,3
DA:21,3
DA:22,3
DA:23,3
DA:24,1
DA:25,1
DA:26,3
DA:27,3
DA:28,2
DA:29,2
DA:30,1
DA:31,1
DA:32,3
DA:33,3
DA:34,3
DA:35,3
DA:36,3
DA:37,3
DA:38,3
DA:39,3
DA:40,3
DA:41,3
DA:42,3
DA:43,3
DA:44,3
DA:45,3
DA:46,3
DA:47,3
DA:48,3
DA:49,3
DA:50,3
DA:51,3
DA:52,3
DA:53,3
DA:54,3
DA:55,1
DA:56,1
DA:57,1
LF:57
LH:57
BRDA:57,0,0,1
BRDA:57,1,0,1
BRDA:57,2,0,0
BRDA:57,3,0,0
BRDA:57,4,0,0
BRDA:57,5,0,0
BRDA:57,6,0,1
BRDA:57,7,0,3
BRDA:57,8,0,3
BRDA:57,9,0,3
BRDA:57,10,0,5
BRDA:57,11,0,0
BRDA:57,12,0,3
BRDA:57,13,0,5
BRDA:57,14,0,3
BRDA:57,15,0,2
BRDA:57,16,0,6
BRDA:57,17,0,1
BRDA:57,18,0,5
BRDA:57,19,0,3
BRDA:57,20,0,5
BRDA:57,21,0,0
BRDA:57,22,0,9
BRDA:57,23,0,8
BRDA:57,24,0,8
BRDA:57,25,0,0
BRDA:57,26,0,16
BRDA:57,27,0,0
BRDA:57,28,0,0
BRDA:57,29,0,0
BRDA:57,30,0,0
BRDA:57,31,0,8
BRDA:57,32,0,8
BRDA:57,33,0,5
BRDA:57,34,0,0
BRDA:57,35,0,0
BRDA:57,36,0,3
BRDA:57,37,0,0
BRDA:57,38,0,1
BRDA:57,39,0,0
BRDA:57,40,0,0
BRDA:57,41,0,0
BRDA:57,42,0,0
BRDA:57,43,0,8
BRDA:57,44,0,6
BRDA:57,45,0,2
BRDA:57,46,0,8
BRDA:57,47,0,3
BRDA:57,48,0,2
BRDA:57,49,0,1
BRDA:57,50,0,0
BRDA:57,51,0,2
BRDA:57,52,0,1
BRDA:57,53,0,1
BRDA:13,54,0,1
BRDA:14,55,0,3
BRDA:25,56,0,3
BRDA:57,57,0,3
BRDA:57,58,0,8
BRDA:26,59,0,3
BRDA:57,60,0,3
BRDA:27,61,0,2
BRDA:29,62,0,1
BRDA:57,63,0,1
BRDA:57,64,0,1
BRF:65
BRH:46
end_of_record
TN:
SF:src\modules\users\services\ShowProfileService.ts
FN:27,__decorate
FN:27,__metadata
FN:27,__param
FN:27,__awaiter
FN:27,adopt
FN:27,fulfilled
FN:27,rejected
FN:27,step
FN:27,__generator
FN:27,sent
FN:27,g.<computed>
FN:27,verb
FN:27,step
FN:27,__importDefault
FN:13,ShowProfileService
FN:18,ShowProfileService.execute
FNF:16
FNH:14
FNDA:1,__decorate
FNDA:1,__metadata
FNDA:1,__param
FNDA:2,__awaiter
FNDA:2,adopt
FNDA:2,fulfilled
FNDA:0,rejected
FNDA:3,step
FNDA:2,__generator
FNDA:2,sent
FNDA:0,g.<computed>
FNDA:6,verb
FNDA:4,step
FNDA:1,__importDefault
FNDA:2,ShowProfileService
FNDA:2,ShowProfileService.execute
DA:1,1
DA:2,1
DA:3,1
DA:4,1
DA:5,1
DA:6,1
DA:7,1
DA:8,1
DA:9,1
DA:10,1
DA:11,1
DA:12,1
DA:13,1
DA:14,2
DA:15,2
DA:16,2
DA:17,1
DA:18,1
DA:19,2
DA:20,2
DA:21,1
DA:22,1
DA:23,1
DA:24,2
DA:25,1
DA:26,1
DA:27,1
LF:27
LH:27
BRDA:27,0,0,1
BRDA:27,1,0,1
BRDA:27,2,0,0
BRDA:27,3,0,0
BRDA:27,4,0,0
BRDA:27,5,0,0
BRDA:27,6,0,1
BRDA:27,7,0,1
BRDA:27,8,0,1
BRDA:27,9,0,2
BRDA:27,10,0,2
BRDA:27,11,0,0
BRDA:27,12,0,2
BRDA:27,13,0,2
BRDA:27,14,0,1
BRDA:27,15,0,3
BRDA:27,16,0,1
BRDA:27,17,0,2
BRDA:27,18,0,2
BRDA:27,19,0,2
BRDA:27,20,0,0
BRDA:27,21,0,6
BRDA:27,22,0,4
BRDA:27,23,0,4
BRDA:27,24,0,0
BRDA:27,25,0,8
BRDA:27,26,0,0
BRDA:27,27,0,0
BRDA:27,28,0,0
BRDA:27,29,0,0
BRDA:27,30,0,4
BRDA:27,31,0,4
BRDA:27,32,0,2
BRDA:27,33,0,0
BRDA:27,34,0,0
BRDA:27,35,0,2
BRDA:27,36,0,0
BRDA:27,37,0,1
BRDA:27,38,0,0
BRDA:27,39,0,0
BRDA:27,40,0,0
BRDA:27,41,0,0
BRDA:27,42,0,4
BRDA:27,43,0,3
BRDA:27,44,0,1
BRDA:27,45,0,4
BRDA:27,46,0,2
BRDA:27,47,0,1
BRDA:27,48,0,0
BRDA:27,49,0,1
BRDA:27,50,0,0
BRDA:12,51,0,1
BRDA:13,52,0,2
BRDA:18,53,0,2
BRDA:27,54,0,2
BRDA:27,55,0,4
BRDA:19,56,0,2
BRDA:27,57,0,2
BRDA:20,58,0,1
BRF:59
BRH:39
end_of_record
TN:
SF:src\modules\users\services\UpdateProfileService.ts
FN:72,__decorate
FN:72,__metadata
FN:72,__param
FN:72,__awaiter
FN:72,adopt
FN:72,fulfilled
FN:72,rejected
FN:72,step
FN:72,__generator
FN:72,sent
FN:72,g.<computed>
FN:72,verb
FN:72,step
FN:72,__importDefault
FN:18,UpdateProfileService
FN:25,UpdateProfileService.execute
FNF:16
FNH:14
FNDA:1,__decorate
FNDA:1,__metadata
FNDA:2,__param
FNDA:6,__awaiter
FNDA:16,adopt
FNDA:16,fulfilled
FNDA:0,rejected
FNDA:18,step
FNDA:6,__generator
FNDA:16,sent
FNDA:0,g.<computed>
FNDA:18,verb
FNDA:22,step
FNDA:1,__importDefault
FNDA:6,UpdateProfileService
FNDA:6,UpdateProfileService.execute
DA:1,1
DA:2,1
DA:3,1
DA:4,1
DA:5,1
DA:6,1
DA:7,1
DA:8,1
DA:9,1
DA:10,1
DA:11,1
DA:12,1
DA:13,1
DA:14,1
DA:15,1
DA:16,1
DA:17,1
DA:18,1
DA:19,6
DA:20,6
DA:21,6
DA:22,6
DA:23,6
DA:24,1
DA:25,1
DA:26,6
DA:27,6
DA:28,6
DA:29,6
DA:30,6
DA:31,6
DA:32,6
DA:33,6
DA:34,1
DA:35,1
DA:36,5
DA:37,5
DA:38,6
DA:39,6
DA:40,1
DA:41,1
DA:42,4
DA:43,4
DA:44,4
DA:45,4
DA:46,6
DA:47,1
DA:48,1
DA:49,1
DA:50,1
DA:51,6
DA:52,2
DA:53,2
DA:54,2
DA:55,2
DA:56,6
DA:57,6
DA:58,1
DA:59,1
DA:60,1
DA:61,1
DA:62,1
DA:63,1
DA:64,6
DA:65,6
DA:66,6
DA:67,6
DA:68,6
DA:69,6
DA:70,1
DA:71,1
DA:72,1
LF:72
LH:72
BRDA:72,0,0,1
BRDA:72,1,0,1
BRDA:72,2,0,0
BRDA:72,3,0,0
BRDA:72,4,0,0
BRDA:72,5,0,0
BRDA:72,6,0,1
BRDA:72,7,0,2
BRDA:72,8,0,2
BRDA:72,9,0,6
BRDA:72,10,0,16
BRDA:72,11,0,0
BRDA:72,12,0,6
BRDA:72,13,0,16
BRDA:72,14,0,12
BRDA:72,15,0,4
BRDA:72,16,0,18
BRDA:72,17,0,2
BRDA:72,18,0,16
BRDA:72,19,0,6
BRDA:72,20,0,16
BRDA:72,21,0,0
BRDA:72,22,0,18
BRDA:72,23,0,22
BRDA:72,24,0,22
BRDA:72,25,0,0
BRDA:72,26,0,45
BRDA:72,27,0,0
BRDA:72,28,0,0
BRDA:72,29,0,0
BRDA:72,30,0,0
BRDA:72,31,0,22
BRDA:72,32,0,22
BRDA:72,33,0,16
BRDA:72,34,0,0
BRDA:72,35,0,0
BRDA:72,36,0,7
BRDA:72,37,0,0
BRDA:72,38,0,3
BRDA:72,39,0,6
BRDA:72,40,0,1
BRDA:72,41,0,0
BRDA:72,42,0,1
BRDA:72,43,0,0
BRDA:72,44,0,0
BRDA:72,45,0,0
BRDA:72,46,0,23
BRDA:72,47,0,19
BRDA:72,48,0,4
BRDA:72,49,0,23
BRDA:72,50,0,6
BRDA:72,51,0,4
BRDA:72,52,0,2
BRDA:72,53,0,0
BRDA:72,54,0,1
BRDA:72,55,0,0
BRDA:17,56,0,1
BRDA:18,57,0,6
BRDA:25,58,0,6
BRDA:72,59,0,6
BRDA:72,60,0,23
BRDA:32,61,0,6
BRDA:72,62,0,6
BRDA:33,63,0,1
BRDA:35,64,0,5
BRDA:72,65,0,5
BRDA:39,66,0,1
BRDA:39,67,0,1
BRDA:41,68,0,4
BRDA:46,69,0,3
BRDA:46,70,0,1
BRDA:50,71,0,3
BRDA:51,72,0,2
BRDA:51,73,0,1
BRDA:51,74,0,2
BRDA:72,75,0,2
BRDA:57,76,0,1
BRDA:72,77,0,1
BRDA:66,78,0,2
BRDA:72,79,0,2
BRF:80
BRH:60
end_of_record
TN:
SF:src\modules\users\services\UpdateUserAvatarService.ts
FN:40,__decorate
FN:40,__metadata
FN:40,__param
FN:40,__awaiter
FN:40,adopt
FN:40,fulfilled
FN:40,rejected
FN:40,step
FN:40,__generator
FN:40,sent
FN:40,g.<computed>
FN:40,verb
FN:40,step
FN:40,__importDefault
FN:15,UpdateUserAvatarService
FN:22,UpdateUserAvatarService.execute
FNF:16
FNH:14
FNDA:1,__decorate
FNDA:1,__metadata
FNDA:2,__param
FNDA:4,__awaiter
FNDA:11,adopt
FNDA:11,fulfilled
FNDA:0,rejected
FNDA:14,step
FNDA:4,__generator
FNDA:11,sent
FNDA:0,g.<computed>
FNDA:12,verb
FNDA:15,step
FNDA:1,__importDefault
FNDA:3,UpdateUserAvatarService
FNDA:4,UpdateUserAvatarService.execute
DA:1,1
DA:2,1
DA:3,1
DA:4,1
DA:5,1
DA:6,1
DA:7,1
DA:8,1
DA:9,1
DA:10,1
DA:11,1
DA:12,1
DA:13,1
DA:14,1
DA:15,1
DA:16,3
DA:17,3
DA:18,3
DA:19,3
DA:20,3
DA:21,1
DA:22,1
DA:23,4
DA:24,4
DA:25,1
DA:26,1
DA:27,3
DA:28,1
DA:29,4
DA:30,4
DA:31,4
DA:32,4
DA:33,4
DA:34,4
DA:35,4
DA:36,4
DA:37,4
DA:38,1
DA:39,1
DA:40,1
LF:40
LH:40
BRDA:40,0,0,1
BRDA:40,1,0,1
BRDA:40,2,0,0
BRDA:40,3,0,0
BRDA:40,4,0,0
BRDA:40,5,0,0
BRDA:40,6,0,1
BRDA:40,7,0,2
BRDA:40,8,0,2
BRDA:40,9,0,4
BRDA:40,10,0,11
BRDA:40,11,0,0
BRDA:40,12,0,4
BRDA:40,13,0,11
BRDA:40,14,0,10
BRDA:40,15,0,1
BRDA:40,16,0,14
BRDA:40,17,0,3
BRDA:40,18,0,11
BRDA:40,19,0,4
BRDA:40,20,0,11
BRDA:40,21,0,0
BRDA:40,22,0,12
BRDA:40,23,0,15
BRDA:40,24,0,15
BRDA:40,25,0,0
BRDA:40,26,0,32
BRDA:40,27,0,0
BRDA:40,28,0,0
BRDA:40,29,0,0
BRDA:40,30,0,0
BRDA:40,31,0,15
BRDA:40,32,0,15
BRDA:40,33,0,11
BRDA:40,34,0,0
BRDA:40,35,0,0
BRDA:40,36,0,6
BRDA:40,37,0,0
BRDA:40,38,0,5
BRDA:40,39,0,4
BRDA:40,40,0,2
BRDA:40,41,0,0
BRDA:40,42,0,2
BRDA:40,43,0,0
BRDA:40,44,0,0
BRDA:40,45,0,0
BRDA:40,46,0,17
BRDA:40,47,0,16
BRDA:40,48,0,1
BRDA:40,49,0,17
BRDA:40,50,0,4
BRDA:40,51,0,1
BRDA:40,52,0,3
BRDA:40,53,0,0
BRDA:40,54,0,1
BRDA:40,55,0,0
BRDA:14,56,0,1
BRDA:15,57,0,3
BRDA:22,58,0,4
BRDA:40,59,0,4
BRDA:40,60,0,17
BRDA:23,61,0,4
BRDA:40,62,0,4
BRDA:24,63,0,1
BRDA:26,64,0,3
BRDA:27,65,0,2
BRDA:27,66,0,1
BRDA:40,67,0,1
BRDA:31,68,0,3
BRDA:40,69,0,3
BRDA:40,70,0,3
BRF:71
BRH:51
end_of_record
